TN:
SF:app.js
FN:16,(anonymous_0)
FN:24,(anonymous_1)
FNF:2
FNH:1
FNDA:0,(anonymous_0)
FNDA:6,(anonymous_1)
DA:4,1
DA:5,1
DA:7,1
DA:9,1
DA:10,1
DA:12,1
DA:16,1
DA:17,0
DA:18,0
DA:24,1
DA:25,6
DA:27,6
DA:34,1
LF:13
LH:11
BRDA:25,0,0,6
BRDA:25,0,1,0
BRF:2
BRH:1
end_of_record
TN:
SF:config.js
FNF:0
FNH:0
DA:4,1
DA:6,1
DA:7,1
DA:9,0
DA:13,1
LF:5
LH:4
BRDA:6,0,0,1
BRDA:6,0,1,0
BRDA:9,1,0,0
BRDA:9,1,1,0
BRF:4
BRH:1
end_of_record
TN:
SF:db.js
FNF:0
FNH:0
DA:4,1
DA:5,1
DA:7,1
DA:11,1
DA:14,1
LF:5
LH:5
BRF:0
BRH:0
end_of_record
TN:
SF:expressError.js
FN:8,(anonymous_0)
FNF:1
FNH:1
FNDA:2,(anonymous_0)
DA:9,2
DA:10,2
DA:11,2
DA:12,2
DA:17,1
LF:5
LH:5
BRF:0
BRH:0
end_of_record
TN:
SF:models/book.js
FN:13,(anonymous_0)
FN:40,(anonymous_1)
FN:64,(anonymous_2)
FN:107,(anonymous_3)
FN:147,(anonymous_4)
FNF:5
FNH:5
FNDA:2,(anonymous_0)
FNDA:1,(anonymous_1)
FNDA:4,(anonymous_2)
FNDA:3,(anonymous_3)
FNDA:6,(anonymous_4)
DA:1,1
DA:14,2
DA:26,2
DA:27,1
DA:30,1
DA:41,1
DA:53,1
DA:65,4
DA:96,4
DA:108,3
DA:138,3
DA:139,1
DA:142,2
DA:148,6
DA:154,6
DA:155,2
DA:161,1
LF:17
LH:17
BRDA:26,0,0,1
BRDA:26,0,1,1
BRDA:138,1,0,1
BRDA:138,1,1,2
BRDA:154,2,0,2
BRDA:154,2,1,4
BRF:6
BRH:6
end_of_record
TN:
SF:routes/books.js
FN:12,(anonymous_0)
FN:23,(anonymous_1)
FN:34,(anonymous_2)
FN:38,(anonymous_3)
FN:51,(anonymous_4)
FN:55,(anonymous_5)
FN:68,(anonymous_6)
FNF:7
FNH:7
FNDA:1,(anonymous_0)
FNDA:2,(anonymous_1)
FNDA:3,(anonymous_2)
FNDA:2,(anonymous_3)
FNDA:4,(anonymous_4)
FNDA:1,(anonymous_5)
FNDA:4,(anonymous_6)
DA:1,1
DA:2,1
DA:3,1
DA:4,1
DA:5,1
DA:7,1
DA:12,1
DA:13,1
DA:14,1
DA:15,1
DA:17,0
DA:23,1
DA:24,2
DA:25,2
DA:26,1
DA:28,1
DA:34,1
DA:35,3
DA:36,3
DA:37,3
DA:38,2
DA:39,1
DA:40,1
DA:42,2
DA:43,2
DA:45,0
DA:51,1
DA:52,4
DA:53,4
DA:54,4
DA:55,1
DA:56,1
DA:57,1
DA:59,3
DA:60,2
DA:62,1
DA:68,1
DA:69,4
DA:70,4
DA:71,2
DA:73,2
DA:77,1
LF:42
LH:40
BRDA:37,0,0,1
BRDA:37,0,1,2
BRDA:54,1,0,1
BRDA:54,1,1,3
BRF:4
BRH:4
end_of_record
